<?xml version="1.0" encoding="UTF-8" ?>
<testsuites>
<testsuite name="Tag Iterator" errors="0" tests="5" failures="0" time="0" timestamp="2014-07-19T17:13:49">
  <testcase classname="Tag Iterator" name="Should have no next tag" time="0"></testcase>
  <testcase classname="Tag Iterator" name="Should have next tag" time="0"></testcase>
  <testcase classname="Tag Iterator" name="Should return correct tag" time="0"></testcase>
  <testcase classname="Tag Iterator" name="Should have only one tag" time="0"></testcase>
  <testcase classname="Tag Iterator" name="Should return tags in correct order" time="0"></testcase>
</testsuite>
</testsuites>